\BOOKMARK [0][-]{chapter.7}{\376\377\0001\000\040\000I\000n\000t\000r\000o\000d\000u\000c\000t\000i\000o\000n}{}% 1
\BOOKMARK [1][-]{section.8}{\376\377\0001\000.\0001\000\040\000I\000n\000t\000r\000o\000d\000u\000c\000t\000i\000o\000n}{chapter.7}% 2
\BOOKMARK [2][-]{subsection.9}{\376\377\0001\000.\0001\000.\0001\000\040\000M\000o\000t\000i\000v\000a\000t\000i\000o\000n}{section.8}% 3
\BOOKMARK [1][-]{section.11}{\376\377\0001\000.\0002\000\040\000P\000r\000o\000p\000o\000s\000e\000d\000\040\000P\000r\000o\000b\000l\000e\000m\000\040}{chapter.7}% 4
\BOOKMARK [1][-]{section.12}{\376\377\0001\000.\0003\000\040\000C\000o\000n\000t\000r\000i\000b\000u\000t\000i\000o\000n\000s}{chapter.7}% 5
\BOOKMARK [1][-]{section.16}{\376\377\0001\000.\0004\000\040\000T\000h\000e\000s\000i\000s\000\040\000S\000t\000r\000u\000c\000t\000u\000r\000e}{chapter.7}% 6
\BOOKMARK [0][-]{chapter.17}{\376\377\0002\000\040\000P\000r\000e\000l\000i\000m\000i\000n\000a\000r\000i\000e\000s}{}% 7
\BOOKMARK [1][-]{section.18}{\376\377\0002\000.\0001\000\040\000R\000D\000F\000\040\000M\000o\000d\000e\000l}{chapter.17}% 8
\BOOKMARK [2][-]{subsection.21}{\376\377\0002\000.\0001\000.\0001\000\040\000S\000i\000m\000p\000l\000e\000\040\000R\000D\000F\000\040\000M\000o\000d\000e\000l\000\040\000E\000x\000a\000m\000p\000l\000e}{section.18}% 9
\BOOKMARK [1][-]{section.22}{\376\377\0002\000.\0002\000\040\000P\000a\000r\000s\000i\000n\000g\000\040\000a\000n\000d\000\040\000E\000r\000r\000o\000r\000\040\000R\000e\000c\000o\000v\000e\000r\000y}{chapter.17}% 10
\BOOKMARK [2][-]{subsection.23}{\376\377\0002\000.\0002\000.\0001\000\040\000P\000a\000r\000s\000i\000n\000g\000\040\000a\000n\000d\000\040\000G\000r\000a\000m\000m\000a\000r\000\040\000D\000e\000f\000i\000n\000i\000t\000i\000o\000n\000s}{section.22}% 11
\BOOKMARK [2][-]{subsection.24}{\376\377\0002\000.\0002\000.\0002\000\040\000P\000a\000r\000s\000e\000r\000'\000s\000\040\000R\000o\000l\000e}{section.22}% 12
\BOOKMARK [2][-]{subsection.26}{\376\377\0002\000.\0002\000.\0003\000\040\000P\000a\000r\000s\000e\000r\000'\000s\000\040\000C\000o\000n\000s\000t\000r\000u\000c\000t\000i\000o\000n\000s}{section.22}% 13
\BOOKMARK [2][-]{subsection.27}{\376\377\0002\000.\0002\000.\0004\000\040\000E\000r\000r\000o\000r\000\040\000R\000e\000c\000o\000v\000e\000r\000y\000\040\000M\000e\000t\000h\000o\000d\000o\000l\000o\000g\000i\000e\000s\000\040\000i\000n\000\040\000P\000a\000r\000s\000e\000r\000s}{section.22}% 14
\BOOKMARK [1][-]{section.28}{\376\377\0002\000.\0003\000\040\000A\000N\000T\000L\000R\000\040\000P\000a\000r\000s\000e\000r\000\040\000G\000e\000n\000e\000r\000a\000t\000o\000r\000\040}{chapter.17}% 15
\BOOKMARK [0][-]{chapter.35}{\376\377\0003\000\040\000R\000e\000l\000a\000t\000e\000d\000\040\000W\000o\000r\000k}{}% 16
\BOOKMARK [0][-]{chapter.36}{\376\377\0004\000\040\000A\000p\000p\000r\000o\000a\000c\000h}{}% 17
\BOOKMARK [1][-]{section.37}{\376\377\0004\000.\0001\000\040\000C\000h\000a\000l\000l\000e\000n\000g\000e\000s\000\040\000B\000e\000f\000o\000r\000e\000\040}{chapter.36}% 18
\BOOKMARK [1][-]{section.41}{\376\377\0004\000.\0002\000\040\000P\000r\000o\000p\000o\000s\000e\000d\000\040\000S\000o\000l\000u\000t\000i\000o\000n}{chapter.36}% 19
\BOOKMARK [2][-]{subsection.42}{\376\377\0004\000.\0002\000.\0001\000\040\000A\000l\000g\000o\000r\000i\000t\000h\000m\000i\000c\000\040\000R\000e\000p\000r\000e\000s\000e\000n\000t\000a\000t\000i\000o\000n\000\040}{section.41}% 20
\BOOKMARK [0][-]{chapter.47}{\376\377\0005\000\040\000I\000m\000p\000l\000e\000m\000e\000n\000t\000a\000t\000i\000o\000n}{}% 21
\BOOKMARK [1][-]{section.48}{\376\377\0005\000.\0001\000\040\000A\000r\000c\000h\000i\000t\000e\000c\000t\000u\000r\000e}{chapter.47}% 22
\BOOKMARK [1][-]{section.50}{\376\377\0005\000.\0002\000\040\000M\000o\000d\000u\000l\000e\000s}{chapter.47}% 23
\BOOKMARK [1][-]{section.51}{\376\377\0005\000.\0003\000\040\000T\000o\000o\000l\000s}{chapter.47}% 24
\BOOKMARK [2][-]{subsection.52}{\376\377\0005\000.\0003\000.\0001\000\040\000H\000a\000r\000d\000w\000a\000r\000e}{section.51}% 25
\BOOKMARK [2][-]{subsection.53}{\376\377\0005\000.\0003\000.\0002\000\040\000S\000o\000f\000t\000w\000a\000r\000e}{section.51}% 26
\BOOKMARK [1][-]{section.54}{\376\377\0005\000.\0004\000\040\000I\000n\000s\000t\000a\000l\000l\000a\000t\000i\000o\000n\000\040\000a\000n\000d\000\040\000C\000o\000n\000f\000i\000g\000u\000r\000a\000t\000i\000o\000n\000s}{chapter.47}% 27
\BOOKMARK [0][-]{chapter.55}{\376\377\0006\000\040\000E\000v\000a\000l\000u\000a\000t\000i\000o\000n}{}% 28
\BOOKMARK [1][-]{section.56}{\376\377\0006\000.\0001\000\040\000E\000x\000p\000e\000r\000i\000m\000e\000n\000t\000s\000\040\000a\000n\000d\000\040\000R\000e\000s\000u\000l\000t\000s}{chapter.55}% 29
\BOOKMARK [2][-]{subsection.57}{\376\377\0006\000.\0001\000.\0001\000\040\000T\000e\000s\000t\000i\000n\000g\000\040\000w\000i\000t\000h\000\040\000R\000D\000F\000\040\000S\000u\000i\000t\000e\000T\000e\000s\000t}{section.56}% 30
\BOOKMARK [2][-]{subsection.58}{\376\377\0006\000.\0001\000.\0002\000\040\000C\000o\000m\000p\000a\000r\000i\000n\000g\000\040\000t\000h\000e\000\040\000P\000r\000o\000p\000o\000s\000e\000d\000\040\000s\000o\000l\000u\000t\000i\000o\000n\000\040\000a\000n\000d\000\040\000X\000t\000u\000r\000t\000l\000e}{section.56}% 31
\BOOKMARK [2][-]{subsection.59}{\376\377\0006\000.\0001\000.\0003\000\040\000V\000a\000l\000i\000d\000a\000t\000i\000o\000n\000\040\000a\000g\000a\000i\000n\000s\000t\000\040\000a\000r\000b\000i\000t\000r\000a\000r\000y\000\040\000l\000a\000r\000g\000e\000\040\000R\000D\000F\000\040\000f\000i\000l\000e\000s\000\040}{section.56}% 32
\BOOKMARK [1][-]{section.60}{\376\377\0006\000.\0002\000\040\000A\000c\000c\000u\000r\000a\000c\000y}{chapter.55}% 33
\BOOKMARK [1][-]{section.61}{\376\377\0006\000.\0003\000\040\000S\000c\000a\000l\000a\000b\000i\000l\000i\000t\000y}{chapter.55}% 34
\BOOKMARK [0][-]{chapter.62}{\376\377\0007\000\040\000C\000o\000n\000c\000l\000u\000s\000i\000o\000n\000s\000\040\000a\000n\000d\000\040\000F\000u\000t\000u\000r\000e\000\040\000W\000o\000r\000k}{}% 35
